\BOOKMARK [0][-]{chapter*.2}{Abstract}{}% 1
\BOOKMARK [0][-]{chapter*.4}{Contents}{}% 2
\BOOKMARK [0][-]{chapter*.6}{Introduction}{}% 3
\BOOKMARK [0][-]{chapter.1}{Chapter 1}{}% 4
\BOOKMARK [1][-]{section.1.1}{Sections and subsections}{chapter.1}% 5
\BOOKMARK [1][-]{section.1.2}{Equations}{chapter.1}% 6
\BOOKMARK [1][-]{section.1.3}{Figures, Tables and Algorithms}{chapter.1}% 7
\BOOKMARK [2][-]{subsection.1.3.1}{Figures}{section.1.3}% 8
\BOOKMARK [2][-]{subsection.1.3.2}{Tables}{section.1.3}% 9
\BOOKMARK [2][-]{subsection.1.3.3}{Algorithms}{section.1.3}% 10
\BOOKMARK [1][-]{section.1.4}{Theorems, propositions and lists}{chapter.1}% 11
\BOOKMARK [2][-]{subsection.1.4.1}{Theorems}{section.1.4}% 12
\BOOKMARK [2][-]{subsection.1.4.2}{Propositions}{section.1.4}% 13
\BOOKMARK [2][-]{subsection.1.4.3}{Lists}{section.1.4}% 14
\BOOKMARK [1][-]{section.1.5}{Use of copyrighted material}{chapter.1}% 15
\BOOKMARK [1][-]{section.1.6}{Plagiarism}{chapter.1}% 16
\BOOKMARK [1][-]{section.1.7}{Bibliography and citations}{chapter.1}% 17
\BOOKMARK [0][-]{chapter.2}{Conclusions and future developments}{}% 18
\BOOKMARK [0][-]{chapter*.18}{Bibliography}{}% 19
\BOOKMARK [0][-]{appendix*.20}{Appendices}{}% 20
\BOOKMARK [0][-]{appendix*.22}{List of Figures}{}% 21
\BOOKMARK [0][-]{appendix*.24}{List of Tables}{}% 22
\BOOKMARK [0][-]{appendix*.26}{List of Symbols}{}% 23
\BOOKMARK [0][-]{appendix*.29}{Acknowledgements}{}% 24
